<?xml version="1.0" encoding="UTF-8"?>
<!-- Generated by org.testng.reporters.JUnitReportReporter -->
<testsuite skipped="0" hostname="DESKTOP-PJ5JRQT" name="com.maven.jenkin.TestClass" tests="1" failures="0" timestamp="30 Nov 2023 02:26:36 GMT" time="0.375" errors="0">
  <testcase name="test" time="0.375" classname="com.maven.jenkin.TestClass"/>
</testsuite> <!-- com.maven.jenkin.TestClass -->
