<?xml version="1.0" encoding="UTF-8"?>
<!-- Generated by org.testng.reporters.JUnitReportReporter -->
<testsuite hostname="DESKTOP-PJ5JRQT" failures="0" tests="1" name="com.maven.jenkin.TestClass" time="0.563" errors="0" timestamp="30 Nov 2023 03:30:57 GMT" skipped="0">
  <testcase classname="com.maven.jenkin.TestClass" name="test" time="0.563"/>
</testsuite> <!-- com.maven.jenkin.TestClass -->
